2026-04-29 17:19:41 [main] INFO  org.testng.internal.Utils - [TestNG] Running:
  /Users/subham.mohapatra/Downloads/SeleniumBasic/testng.xml

2026-04-29 17:19:45 [TestNG-tests-1] INFO  org.example.tests.LoginTest - Starting test
2026-04-29 17:37:31 [main] INFO  org.testng.internal.Utils - [TestNG] Running:
  /Users/subham.mohapatra/Downloads/SeleniumBasic/testng.xml

2026-04-29 17:37:35 [TestNG-tests-1] INFO  org.example.tests.LoginTest - Starting test
2026-04-29 17:41:47 [main] INFO  org.testng.internal.Utils - [TestNG] Running:
  /Users/subham.mohapatra/Downloads/SeleniumBasic/testng.xml

2026-04-29 17:41:51 [TestNG-tests-1] INFO  org.example.tests.LoginTest - Starting test
2026-04-29 17:45:35 [main] INFO  org.testng.internal.Utils - [TestNG] Running:
  /Users/subham.mohapatra/Downloads/SeleniumBasic/testng.xml

2026-04-29 17:45:38 [TestNG-tests-1] INFO  org.example.tests.LoginTest - Starting test
2026-04-29 17:46:53 [main] INFO  org.testng.internal.Utils - [TestNG] Running:
  /Users/subham.mohapatra/Downloads/SeleniumBasic/testng.xml

2026-04-29 17:46:56 [TestNG-tests-1] INFO  org.example.tests.LoginTest - Starting test
2026-04-29 17:49:12 [main] INFO  org.testng.internal.Utils - [Utils] MethodGroupsHelper.collectMethodsByGroup() took 0 ms.
2026-04-29 17:49:12 [main] INFO  org.testng.internal.Utils - [Utils] MethodGroupsHelper.sortMethods() took 0 ms.
2026-04-29 17:49:12 [main] INFO  org.testng.internal.Utils - [Utils] MethodGroupsHelper.collectMethodsByGroup() took 0 ms.
2026-04-29 17:49:12 [main] INFO  org.testng.internal.Utils - [Utils] MethodGroupsHelper.sortMethods() took 0 ms.
2026-04-29 17:49:12 [main] INFO  org.testng.internal.Utils - [Utils] MethodGroupsHelper.collectMethodsByGroup() took 0 ms.
2026-04-29 17:49:12 [main] INFO  org.testng.internal.Utils - [Utils] MethodGroupsHelper.sortMethods() took 0 ms.
2026-04-29 17:49:12 [main] INFO  org.testng.internal.Utils - [Utils] MethodGroupsHelper.collectMethodsByGroup() took 0 ms.
2026-04-29 17:49:12 [main] INFO  org.testng.internal.Utils - [Utils] MethodGroupsHelper.sortMethods() took 0 ms.
2026-04-29 17:49:12 [main] INFO  org.testng.internal.Utils - [Utils] MethodGroupsHelper.collectMethodsByGroup() took 0 ms.
2026-04-29 17:49:12 [main] INFO  org.testng.internal.Utils - [Utils] MethodGroupsHelper.sortMethods() took 0 ms.
2026-04-29 17:49:12 [main] INFO  org.testng.internal.Utils - [Utils] MethodGroupsHelper.collectMethodsByGroup() took 0 ms.
2026-04-29 17:49:12 [main] INFO  org.testng.internal.Utils - [Utils] MethodGroupsHelper.sortMethods() took 0 ms.
2026-04-29 17:49:12 [main] INFO  org.testng.internal.Utils - [Utils] MethodGroupsHelper.collectMethodsByGroup() took 0 ms.
2026-04-29 17:49:12 [main] INFO  org.testng.internal.Utils - [Utils] MethodGroupsHelper.sortMethods() took 0 ms.
2026-04-29 17:49:12 [main] INFO  org.testng.internal.Utils - [Utils] MethodGroupsHelper.collectMethodsByGroup() took 0 ms.
2026-04-29 17:49:12 [main] INFO  org.testng.internal.Utils - [Utils] MethodGroupsHelper.sortMethods() took 0 ms.
2026-04-29 17:49:12 [main] INFO  org.testng.internal.Utils - [Utils] MethodGroupsHelper.collectMethodsByGroup() took 1 ms.
2026-04-29 17:49:12 [main] INFO  org.testng.internal.Utils - [Utils] MethodGroupsHelper.sortMethods() took 2 ms.
2026-04-29 17:49:12 [main] INFO  org.testng.internal.Utils - [Utils] MethodGroupsHelper.collectMethodsByGroup() took 0 ms.
2026-04-29 17:49:12 [main] INFO  org.testng.internal.Utils - [Utils] MethodGroupsHelper.sortMethods() took 0 ms.
2026-04-29 17:49:12 [main] INFO  org.testng.internal.Utils - [Utils] MethodGroupsHelper.collectMethodsByGroup() took 0 ms.
2026-04-29 17:49:12 [main] INFO  org.testng.internal.Utils - [Utils] MethodGroupsHelper.sortMethods() took 0 ms.
2026-04-29 17:49:12 [main] INFO  org.testng.internal.Utils - [Utils] MethodGroupsHelper.collectMethodsByGroup() took 0 ms.
2026-04-29 17:49:12 [main] INFO  org.testng.internal.Utils - [Utils] MethodGroupsHelper.sortMethods() took 0 ms.
2026-04-29 17:49:12 [main] INFO  org.testng.internal.Utils - [Utils] MethodGroupsHelper.collectMethodsByGroup() took 0 ms.
2026-04-29 17:49:12 [main] INFO  org.testng.internal.Utils - [Utils] MethodGroupsHelper.sortMethods() took 0 ms.
2026-04-29 17:49:12 [main] INFO  org.testng.internal.Utils - [Utils] MethodGroupsHelper.collectMethodsByGroup() took 0 ms.
2026-04-29 17:49:12 [main] INFO  org.testng.internal.Utils - [Utils] MethodGroupsHelper.sortMethods() took 0 ms.
2026-04-29 17:49:12 [main] INFO  org.testng.internal.Utils - [Utils] MethodGroupsHelper.collectMethodsByGroup() took 0 ms.
2026-04-29 17:49:12 [main] INFO  org.testng.internal.Utils - [Utils] MethodGroupsHelper.sortMethods() took 0 ms.
2026-04-29 17:49:12 [main] INFO  org.testng.internal.Utils - [TestNG] Running:
  /Users/subham.mohapatra/Downloads/SeleniumBasic/testng.xml

2026-04-29 17:49:12 [main] INFO  org.testng.internal.Utils - [ThreadUtil] Starting executor timeOut:2147483647ms workers:1 threadPoolSize:2
2026-04-29 17:49:12 [TestNG-tests-1] INFO  org.testng.internal.Utils - [Utils] DynamicGraphHelper.createDynamicGraph() took 0 ms.
2026-04-29 17:49:16 [TestNG-tests-1] INFO  org.example.tests.LoginTest - Starting test
2026-04-29 17:49:17 [main] INFO  org.testng.internal.Utils - [TestNG] Time taken by org.testng.internal.ExitCodeListener@2371aaca: 0 ms
2026-04-29 17:52:30 [main] INFO  org.testng.internal.Utils - [Utils] MethodGroupsHelper.collectMethodsByGroup() took 0 ms.
2026-04-29 17:52:30 [main] INFO  org.testng.internal.Utils - [Utils] MethodGroupsHelper.sortMethods() took 0 ms.
2026-04-29 17:52:30 [main] INFO  org.testng.internal.Utils - [Utils] MethodGroupsHelper.collectMethodsByGroup() took 0 ms.
2026-04-29 17:52:30 [main] INFO  org.testng.internal.Utils - [Utils] MethodGroupsHelper.sortMethods() took 0 ms.
2026-04-29 17:52:30 [main] INFO  org.testng.internal.Utils - [Utils] MethodGroupsHelper.collectMethodsByGroup() took 0 ms.
2026-04-29 17:52:30 [main] INFO  org.testng.internal.Utils - [Utils] MethodGroupsHelper.sortMethods() took 0 ms.
2026-04-29 17:52:30 [main] INFO  org.testng.internal.Utils - [Utils] MethodGroupsHelper.collectMethodsByGroup() took 0 ms.
2026-04-29 17:52:30 [main] INFO  org.testng.internal.Utils - [Utils] MethodGroupsHelper.sortMethods() took 0 ms.
2026-04-29 17:52:30 [main] INFO  org.testng.internal.Utils - [Utils] MethodGroupsHelper.collectMethodsByGroup() took 0 ms.
2026-04-29 17:52:30 [main] INFO  org.testng.internal.Utils - [Utils] MethodGroupsHelper.sortMethods() took 0 ms.
2026-04-29 17:52:30 [main] INFO  org.testng.internal.Utils - [Utils] MethodGroupsHelper.collectMethodsByGroup() took 0 ms.
2026-04-29 17:52:30 [main] INFO  org.testng.internal.Utils - [Utils] MethodGroupsHelper.sortMethods() took 0 ms.
2026-04-29 17:52:30 [main] INFO  org.testng.internal.Utils - [Utils] MethodGroupsHelper.collectMethodsByGroup() took 0 ms.
2026-04-29 17:52:30 [main] INFO  org.testng.internal.Utils - [Utils] MethodGroupsHelper.sortMethods() took 0 ms.
2026-04-29 17:52:30 [main] INFO  org.testng.internal.Utils - [Utils] MethodGroupsHelper.collectMethodsByGroup() took 0 ms.
2026-04-29 17:52:30 [main] INFO  org.testng.internal.Utils - [Utils] MethodGroupsHelper.sortMethods() took 0 ms.
2026-04-29 17:52:30 [main] INFO  org.testng.internal.Utils - [Utils] MethodGroupsHelper.collectMethodsByGroup() took 1 ms.
2026-04-29 17:52:30 [main] INFO  org.testng.internal.Utils - [Utils] MethodGroupsHelper.sortMethods() took 2 ms.
2026-04-29 17:52:30 [main] INFO  org.testng.internal.Utils - [Utils] MethodGroupsHelper.collectMethodsByGroup() took 0 ms.
2026-04-29 17:52:30 [main] INFO  org.testng.internal.Utils - [Utils] MethodGroupsHelper.sortMethods() took 0 ms.
2026-04-29 17:52:30 [main] INFO  org.testng.internal.Utils - [Utils] MethodGroupsHelper.collectMethodsByGroup() took 0 ms.
2026-04-29 17:52:30 [main] INFO  org.testng.internal.Utils - [Utils] MethodGroupsHelper.sortMethods() took 0 ms.
2026-04-29 17:52:30 [main] INFO  org.testng.internal.Utils - [Utils] MethodGroupsHelper.collectMethodsByGroup() took 0 ms.
2026-04-29 17:52:30 [main] INFO  org.testng.internal.Utils - [Utils] MethodGroupsHelper.sortMethods() took 0 ms.
2026-04-29 17:52:30 [main] INFO  org.testng.internal.Utils - [Utils] MethodGroupsHelper.collectMethodsByGroup() took 0 ms.
2026-04-29 17:52:30 [main] INFO  org.testng.internal.Utils - [Utils] MethodGroupsHelper.sortMethods() took 0 ms.
2026-04-29 17:52:30 [main] INFO  org.testng.internal.Utils - [Utils] MethodGroupsHelper.collectMethodsByGroup() took 0 ms.
2026-04-29 17:52:30 [main] INFO  org.testng.internal.Utils - [Utils] MethodGroupsHelper.sortMethods() took 0 ms.
2026-04-29 17:52:30 [main] INFO  org.testng.internal.Utils - [Utils] MethodGroupsHelper.collectMethodsByGroup() took 0 ms.
2026-04-29 17:52:30 [main] INFO  org.testng.internal.Utils - [Utils] MethodGroupsHelper.sortMethods() took 0 ms.
2026-04-29 17:52:30 [main] INFO  org.testng.internal.Utils - [TestNG] Running:
  /Users/subham.mohapatra/Downloads/SeleniumBasic/testng.xml

2026-04-29 17:52:30 [main] INFO  org.testng.internal.Utils - [ThreadUtil] Starting executor timeOut:2147483647ms workers:1 threadPoolSize:2
2026-04-29 17:52:30 [TestNG-tests-1] INFO  org.testng.internal.Utils - [Utils] DynamicGraphHelper.createDynamicGraph() took 1 ms.
2026-04-29 17:52:33 [TestNG-tests-1] INFO  org.example.tests.LoginTest - Starting test
2026-04-29 17:52:34 [main] INFO  org.testng.internal.Utils - [TestNG] Time taken by org.testng.internal.ExitCodeListener@6bb2d00b: 0 ms
2026-04-29 18:02:51 [TestNG-tests-1] INFO  org.example.tests.LoginTest - Starting test
2026-04-29 18:21:39 [TestNG-tests-1] INFO  org.example.tests.LoginTest - Starting test
2026-04-29 18:22:42 [main] INFO  org.testng.internal.Utils - [Utils] MethodGroupsHelper.collectMethodsByGroup() took 0 ms.
2026-04-29 18:22:42 [main] INFO  org.testng.internal.Utils - [Utils] MethodGroupsHelper.sortMethods() took 0 ms.
2026-04-29 18:22:42 [main] INFO  org.testng.internal.Utils - [Utils] MethodGroupsHelper.collectMethodsByGroup() took 0 ms.
2026-04-29 18:22:42 [main] INFO  org.testng.internal.Utils - [Utils] MethodGroupsHelper.sortMethods() took 0 ms.
2026-04-29 18:22:42 [main] INFO  org.testng.internal.Utils - [Utils] MethodGroupsHelper.collectMethodsByGroup() took 0 ms.
2026-04-29 18:22:42 [main] INFO  org.testng.internal.Utils - [Utils] MethodGroupsHelper.sortMethods() took 0 ms.
2026-04-29 18:22:42 [main] INFO  org.testng.internal.Utils - [Utils] MethodGroupsHelper.collectMethodsByGroup() took 0 ms.
2026-04-29 18:22:42 [main] INFO  org.testng.internal.Utils - [Utils] MethodGroupsHelper.sortMethods() took 0 ms.
2026-04-29 18:22:42 [main] INFO  org.testng.internal.Utils - [Utils] MethodGroupsHelper.collectMethodsByGroup() took 0 ms.
2026-04-29 18:22:42 [main] INFO  org.testng.internal.Utils - [Utils] MethodGroupsHelper.sortMethods() took 0 ms.
2026-04-29 18:22:42 [main] INFO  org.testng.internal.Utils - [Utils] MethodGroupsHelper.collectMethodsByGroup() took 0 ms.
2026-04-29 18:22:42 [main] INFO  org.testng.internal.Utils - [Utils] MethodGroupsHelper.sortMethods() took 0 ms.
2026-04-29 18:22:42 [main] INFO  org.testng.internal.Utils - [Utils] MethodGroupsHelper.collectMethodsByGroup() took 0 ms.
2026-04-29 18:22:42 [main] INFO  org.testng.internal.Utils - [Utils] MethodGroupsHelper.sortMethods() took 0 ms.
2026-04-29 18:22:42 [main] INFO  org.testng.internal.Utils - [Utils] MethodGroupsHelper.collectMethodsByGroup() took 0 ms.
2026-04-29 18:22:42 [main] INFO  org.testng.internal.Utils - [Utils] MethodGroupsHelper.sortMethods() took 0 ms.
2026-04-29 18:22:42 [main] INFO  org.testng.internal.Utils - [Utils] MethodGroupsHelper.collectMethodsByGroup() took 0 ms.
2026-04-29 18:22:42 [main] INFO  org.testng.internal.Utils - [Utils] MethodGroupsHelper.sortMethods() took 2 ms.
2026-04-29 18:22:42 [main] INFO  org.testng.internal.Utils - [Utils] MethodGroupsHelper.collectMethodsByGroup() took 0 ms.
2026-04-29 18:22:42 [main] INFO  org.testng.internal.Utils - [Utils] MethodGroupsHelper.sortMethods() took 0 ms.
2026-04-29 18:22:42 [main] INFO  org.testng.internal.Utils - [Utils] MethodGroupsHelper.collectMethodsByGroup() took 0 ms.
2026-04-29 18:22:42 [main] INFO  org.testng.internal.Utils - [Utils] MethodGroupsHelper.sortMethods() took 0 ms.
2026-04-29 18:22:42 [main] INFO  org.testng.internal.Utils - [Utils] MethodGroupsHelper.collectMethodsByGroup() took 0 ms.
2026-04-29 18:22:42 [main] INFO  org.testng.internal.Utils - [Utils] MethodGroupsHelper.sortMethods() took 0 ms.
2026-04-29 18:22:42 [main] INFO  org.testng.internal.Utils - [Utils] MethodGroupsHelper.collectMethodsByGroup() took 0 ms.
2026-04-29 18:22:42 [main] INFO  org.testng.internal.Utils - [Utils] MethodGroupsHelper.sortMethods() took 0 ms.
2026-04-29 18:22:42 [main] INFO  org.testng.internal.Utils - [Utils] MethodGroupsHelper.collectMethodsByGroup() took 0 ms.
2026-04-29 18:22:42 [main] INFO  org.testng.internal.Utils - [Utils] MethodGroupsHelper.sortMethods() took 0 ms.
2026-04-29 18:22:42 [main] INFO  org.testng.internal.Utils - [Utils] MethodGroupsHelper.collectMethodsByGroup() took 0 ms.
2026-04-29 18:22:42 [main] INFO  org.testng.internal.Utils - [Utils] MethodGroupsHelper.sortMethods() took 0 ms.
2026-04-29 18:22:42 [main] INFO  org.testng.internal.Utils - [TestNG] Running:
  /Users/subham.mohapatra/Downloads/SeleniumBasic/testng.xml

2026-04-29 18:22:42 [main] INFO  org.testng.internal.Utils - [ThreadUtil] Starting executor timeOut:2147483647ms workers:1 threadPoolSize:2
2026-04-29 18:22:42 [TestNG-tests-1] INFO  org.testng.internal.Utils - [Utils] DynamicGraphHelper.createDynamicGraph() took 1 ms.
2026-04-29 18:22:45 [TestNG-tests-1] INFO  org.example.tests.LoginTest - Starting test
2026-04-29 18:22:46 [main] INFO  org.testng.internal.Utils - [TestNG] Time taken by org.testng.internal.ExitCodeListener@26be6ca7: 0 ms
2026-04-29 18:25:21 [main] WARN  org.testng.TestNG - Ignoring duplicate listener : io.qameta.allure.testng.AllureTestNg
2026-04-29 18:25:21 [main] WARN  org.testng.TestNG - Ignoring duplicate listener : io.qameta.allure.testng.AllureTestNg
2026-04-29 18:25:21 [main] WARN  org.testng.TestNG - Ignoring duplicate listener : io.qameta.allure.testng.AllureTestNg
2026-04-29 18:25:21 [main] INFO  org.testng.internal.Utils - [TestNG] Running:
  /Users/subham.mohapatra/Downloads/SeleniumBasic/testng.xml

2026-04-29 18:25:25 [TestNG-tests-1] INFO  org.example.tests.LoginTest - Starting test
2026-04-29 18:25:34 [TestNG-tests-1] INFO  org.example.tests.LoginTest - Starting test
2026-04-29 18:26:10 [main] WARN  org.testng.TestNG - Ignoring duplicate listener : io.qameta.allure.testng.AllureTestNg
2026-04-29 18:26:10 [main] WARN  org.testng.TestNG - Ignoring duplicate listener : io.qameta.allure.testng.AllureTestNg
2026-04-29 18:26:10 [main] WARN  org.testng.TestNG - Ignoring duplicate listener : io.qameta.allure.testng.AllureTestNg
2026-04-29 18:26:13 [TestNG-tests-1] INFO  org.example.tests.LoginTest - Starting test
2026-04-29 18:26:22 [TestNG-tests-1] INFO  org.example.tests.LoginTest - Starting test
2026-04-29 20:04:23 [main] WARN  org.testng.TestNG - Ignoring duplicate listener : io.qameta.allure.testng.AllureTestNg
2026-04-29 20:04:23 [main] WARN  org.testng.TestNG - Ignoring duplicate listener : io.qameta.allure.testng.AllureTestNg
2026-04-29 20:04:23 [main] WARN  org.testng.TestNG - Ignoring duplicate listener : io.qameta.allure.testng.AllureTestNg
2026-04-29 20:04:23 [main] INFO  org.testng.internal.Utils - [TestNG] Running:
  /Users/subham.mohapatra/Downloads/SeleniumBasic/testng.xml

2026-04-29 20:04:26 [TestNG-tests-1] INFO  org.example.tests.LoginTest - Starting test
2026-04-29 20:04:35 [TestNG-tests-1] INFO  org.example.tests.LoginTest - Starting test
2026-04-29 20:08:01 [main] WARN  org.testng.TestNG - Ignoring duplicate listener : io.qameta.allure.testng.AllureTestNg
2026-04-29 20:08:01 [main] WARN  org.testng.TestNG - Ignoring duplicate listener : io.qameta.allure.testng.AllureTestNg
2026-04-29 20:08:01 [main] WARN  org.testng.TestNG - Ignoring duplicate listener : io.qameta.allure.testng.AllureTestNg
2026-04-29 20:08:01 [main] INFO  org.testng.internal.Utils - [TestNG] Running:
  /Users/subham.mohapatra/Downloads/SeleniumBasic/testng.xml

2026-04-29 20:08:04 [TestNG-tests-1] INFO  org.example.tests.LoginTest - Starting test
2026-04-29 20:08:13 [TestNG-tests-1] INFO  org.example.tests.LoginTest - Starting test
2026-04-29 20:09:01 [main] WARN  org.testng.TestNG - Ignoring duplicate listener : io.qameta.allure.testng.AllureTestNg
2026-04-29 20:09:01 [main] WARN  org.testng.TestNG - Ignoring duplicate listener : io.qameta.allure.testng.AllureTestNg
2026-04-29 20:09:01 [main] WARN  org.testng.TestNG - Ignoring duplicate listener : io.qameta.allure.testng.AllureTestNg
2026-04-29 20:09:04 [TestNG-tests-1] INFO  org.example.tests.LoginTest - Starting test
2026-04-29 20:09:13 [TestNG-tests-1] INFO  org.example.tests.LoginTest - Starting test
2026-04-29 20:31:36 [main] WARN  org.testng.TestNG - Ignoring duplicate listener : io.qameta.allure.testng.AllureTestNg
2026-04-29 20:31:36 [main] WARN  org.testng.TestNG - Ignoring duplicate listener : io.qameta.allure.testng.AllureTestNg
2026-04-29 20:31:36 [main] WARN  org.testng.TestNG - Ignoring duplicate listener : io.qameta.allure.testng.AllureTestNg
2026-04-29 20:31:36 [main] INFO  org.testng.internal.Utils - [TestNG] Running:
  /Users/subham.mohapatra/Downloads/SeleniumBasic/testng.xml

2026-04-29 20:31:40 [TestNG-tests-1] INFO  org.example.tests.LoginTest - Starting test
2026-04-29 20:32:54 [main] WARN  org.testng.TestNG - Ignoring duplicate listener : io.qameta.allure.testng.AllureTestNg
2026-04-29 20:32:54 [main] WARN  org.testng.TestNG - Ignoring duplicate listener : io.qameta.allure.testng.AllureTestNg
2026-04-29 20:32:54 [main] WARN  org.testng.TestNG - Ignoring duplicate listener : io.qameta.allure.testng.AllureTestNg
2026-04-29 20:32:54 [main] INFO  org.testng.internal.Utils - [TestNG] Running:
  /Users/subham.mohapatra/Downloads/SeleniumBasic/testng.xml

2026-04-29 20:32:57 [TestNG-tests-1] INFO  org.example.tests.LoginTest - Starting fake test
2026-04-29 20:33:04 [TestNG-tests-1] INFO  org.example.tests.LoginTest - Starting fake test
2026-04-29 20:33:07 [TestNG-tests-1] INFO  org.example.tests.LoginTest - Starting login test
